c:\git\8080-emulator\emulator\x64\debug\vc143.pdb
c:\git\8080-emulator\emulator\x64\debug\vc143.idb
c:\git\8080-emulator\emulator\x64\debug\imgui_widgets.obj
c:\git\8080-emulator\emulator\x64\debug\imgui_tables.obj
c:\git\8080-emulator\emulator\x64\debug\imgui_impl_opengl3.obj
c:\git\8080-emulator\emulator\x64\debug\imgui_impl_glfw.obj
c:\git\8080-emulator\emulator\x64\debug\imgui_draw.obj
c:\git\8080-emulator\emulator\x64\debug\imgui_demo.obj
c:\git\8080-emulator\emulator\x64\debug\imgui.obj
c:\git\8080-emulator\emulator\x64\debug\main.obj
c:\git\8080-emulator\emulator\x64\debug\config.obj
c:\git\8080-emulator\emulator\x64\debug\emulator8080.obj
c:\git\8080-emulator\x64\debug\8080-emulator.pdb
c:\git\8080-emulator\emulator\x64\debug\8080-emulator.tlog\cl.command.1.tlog
c:\git\8080-emulator\emulator\x64\debug\8080-emulator.tlog\cl.read.1.tlog
c:\git\8080-emulator\emulator\x64\debug\8080-emulator.tlog\cl.write.1.tlog
c:\git\8080-emulator\emulator\x64\debug\8080-emulator.tlog\link-cvtres.read.1.tlog
c:\git\8080-emulator\emulator\x64\debug\8080-emulator.tlog\link-cvtres.write.1.tlog
c:\git\8080-emulator\emulator\x64\debug\8080-emulator.tlog\link-rc.read.1.tlog
c:\git\8080-emulator\emulator\x64\debug\8080-emulator.tlog\link-rc.write.1.tlog
c:\git\8080-emulator\emulator\x64\debug\8080-emulator.tlog\link.27236-cvtres.read.1.tlog
c:\git\8080-emulator\emulator\x64\debug\8080-emulator.tlog\link.27236-cvtres.write.1.tlog
c:\git\8080-emulator\emulator\x64\debug\8080-emulator.tlog\link.27236-rc.read.1.tlog
c:\git\8080-emulator\emulator\x64\debug\8080-emulator.tlog\link.27236-rc.write.1.tlog
c:\git\8080-emulator\emulator\x64\debug\8080-emulator.tlog\link.27236.read.1.tlog
c:\git\8080-emulator\emulator\x64\debug\8080-emulator.tlog\link.27236.read.2.tlog
c:\git\8080-emulator\emulator\x64\debug\8080-emulator.tlog\link.27236.write.1.tlog
c:\git\8080-emulator\emulator\x64\debug\8080-emulator.tlog\link.command.1.tlog
c:\git\8080-emulator\emulator\x64\debug\8080-emulator.tlog\link.read.1.tlog
c:\git\8080-emulator\emulator\x64\debug\8080-emulator.tlog\link.read.2.tlog
c:\git\8080-emulator\emulator\x64\debug\8080-emulator.tlog\link.write.1.tlog
